Arguments: 
  /usr/local/Cellar/node/14.8.0/bin/node /usr/local/bin/yarn run

PATH: 
  /Users/rogerlewis/Documents/GitHub/W1W/Submodules/My-Wallet-V3/node_modules/node-pre-gyp/bin:/Users/rogerlewis/go/bin:/usr/local/lib/nodejs/bin:/usr/local/opt/qt/bin:/opt/local/bin:/opt/local/sbin:/usr/local/bin:/usr/bin:/bin:/usr/sbin:/sbin:/Library/Apple/usr/bin:/Users/rogerlewis/Documents/GitHub/W1W/Submodules/My-Wallet-V3/node_modules/node-pre-gyp/bin:/Users/rogerlewis/go/bin:/usr/local/lib/nodejs/bin:/Users/rogerlewis/.nvm/versions/node/v14.16.1/bin:/usr/local/opt/qt/bin:/opt/local/bin:/opt/local/sbin:/Users/rogerlewis/Library/Android/sdk/cmdline-tools/latest/bin://Users/rogerlewis/Library/Android/sdk/platform-tools:/usr/local/opt/go/libexec/bin:/usr/local/opt/go/libexec/bin

Yarn version: 
  1.22.10

Node version: 
  14.8.0

Platform: 
  darwin x64

Trace: 
  SyntaxError: /Users/rogerlewis/web/bc/package.json: Unexpected string in JSON at position 83
      at JSON.parse (<anonymous>)
      at /usr/local/lib/node_modules/yarn/lib/cli.js:1625:59
      at Generator.next (<anonymous>)
      at step (/usr/local/lib/node_modules/yarn/lib/cli.js:310:30)
      at /usr/local/lib/node_modules/yarn/lib/cli.js:321:13

npm manifest: 
  {
    "scripts": {
      "build:staging": "env-cmd -f .env.staging npm run build"
      "predeploy": "npm run build",
      "deploy": "gh-pages -d build",
      "start": "react-scripts start",
      "build": "react-scripts build"
    }
  }

yarn manifest: 
  No manifest

Lockfile: 
  No lockfile
